[2018-09-05 10:51:07,412] INFO [controller-event-thread]: Starting (kafka.controller.ControllerEventManager$ControllerEventThread)
[2018-09-05 10:51:07,520] INFO [Controller 0]: 0 successfully elected as the controller (kafka.controller.KafkaController)
[2018-09-05 10:51:07,522] INFO [Controller 0]: Broker 0 starting become controller state transition (kafka.controller.KafkaController)
[2018-09-05 10:51:07,549] INFO [Controller 0]: Controller 0 incremented epoch to 1 (kafka.controller.KafkaController)
[2018-09-05 10:51:07,556] DEBUG [Controller 0]: Registering IsrChangeNotificationListener (kafka.controller.KafkaController)
[2018-09-05 10:51:07,603] INFO [Controller 0]: Partitions being reassigned: Map() (kafka.controller.KafkaController)
[2018-09-05 10:51:07,604] INFO [Controller 0]: Partitions already reassigned: Set() (kafka.controller.KafkaController)
[2018-09-05 10:51:07,607] INFO [Controller 0]: Resuming reassignment of partitions: Map() (kafka.controller.KafkaController)
[2018-09-05 10:51:07,611] INFO [Controller 0]: Currently active brokers in the cluster: Set() (kafka.controller.KafkaController)
[2018-09-05 10:51:07,612] INFO [Controller 0]: Currently shutting brokers in the cluster: Set() (kafka.controller.KafkaController)
[2018-09-05 10:51:07,615] INFO [Controller 0]: Current list of topics in the cluster: Set() (kafka.controller.KafkaController)
[2018-09-05 10:51:07,622] INFO [Controller 0]: List of topics to be deleted:  (kafka.controller.KafkaController)
[2018-09-05 10:51:07,623] INFO [Controller 0]: List of topics ineligible for deletion:  (kafka.controller.KafkaController)
[2018-09-05 10:51:07,670] INFO [Replica state machine on controller 0]: Started replica state machine with initial state -> Map() (kafka.controller.ReplicaStateMachine)
[2018-09-05 10:51:07,693] INFO [Partition state machine on Controller 0]: Started partition state machine with initial state -> Map() (kafka.controller.PartitionStateMachine)
[2018-09-05 10:51:07,710] INFO [Controller 0]: Broker 0 is ready to serve as the new controller with epoch 1 (kafka.controller.KafkaController)
[2018-09-05 10:51:07,714] INFO [Controller 0]: Partitions undergoing preferred replica election:  (kafka.controller.KafkaController)
[2018-09-05 10:51:07,715] INFO [Controller 0]: Partitions that completed preferred replica election:  (kafka.controller.KafkaController)
[2018-09-05 10:51:07,716] INFO [Controller 0]: Skipping preferred replica election for partitions due to topic deletion:  (kafka.controller.KafkaController)
[2018-09-05 10:51:07,720] INFO [Controller 0]: Resuming preferred replica election for partitions:  (kafka.controller.KafkaController)
[2018-09-05 10:51:07,721] INFO [Controller 0]: Starting preferred replica leader election for partitions  (kafka.controller.KafkaController)
[2018-09-05 10:51:07,724] INFO [Partition state machine on Controller 0]: Invoking state change to OnlinePartition for partitions  (kafka.controller.PartitionStateMachine)
[2018-09-05 10:51:07,740] INFO [Controller 0]: starting the controller scheduler (kafka.controller.KafkaController)
[2018-09-05 10:51:07,858] INFO [Controller 0]: Newly added brokers: 0, deleted brokers: , all live brokers: 0 (kafka.controller.KafkaController)
[2018-09-05 10:51:07,859] DEBUG [Channel manager on controller 0]: Controller 0 trying to connect to broker 0 (kafka.controller.ControllerChannelManager)
[2018-09-05 10:51:07,868] INFO [Controller 0]: New broker startup callback for 0 (kafka.controller.KafkaController)
[2018-09-05 10:51:07,878] INFO [Controller-0-to-broker-0-send-thread]: Starting (kafka.controller.RequestSendThread)
[2018-09-05 10:51:07,888] INFO [Controller-0-to-broker-0-send-thread]: Controller 0 connected to knoldus-Vostro-3560:9092 (id: 0 rack: null) for sending state change requests (kafka.controller.RequestSendThread)
[2018-09-05 10:51:12,743] TRACE [Controller 0]: Checking need to trigger auto leader balancing (kafka.controller.KafkaController)
[2018-09-05 10:51:12,748] DEBUG [Controller 0]: Preferred replicas by broker Map() (kafka.controller.KafkaController)
[2018-09-05 10:55:45,154] INFO [Controller 0]: Shutting down broker 0 (kafka.controller.KafkaController)
[2018-09-05 10:55:45,155] DEBUG [Controller 0]: All shutting down brokers: 0 (kafka.controller.KafkaController)
[2018-09-05 10:55:45,156] DEBUG [Controller 0]: Live brokers:  (kafka.controller.KafkaController)
[2018-09-05 10:55:45,165] TRACE [Controller 0]: All leaders =  (kafka.controller.KafkaController)
